                                      1 ;--------------------------------------------------------
                                      2 ; File Created by SDCC : free open source ANSI-C Compiler
                                      3 ; Version 3.8.0 #10562 (Linux)
                                      4 ;--------------------------------------------------------
                                      5 	.module binaryCount
                                      6 	.optsdcc -mmcs51 --model-small
                                      7 	
                                      8 ;--------------------------------------------------------
                                      9 ; Public variables in this module
                                     10 ;--------------------------------------------------------
                                     11 	.globl _dualCylon
                                     12 	.globl _cylon
                                     13 	.globl _digitDisplay
                                     14 	.globl _digitDisplay_helper
                                     15 	.globl _binaryCount
                                     16 	.globl _getMode
                                     17 	.globl _readButton
                                     18 	.globl _showLcd2
                                     19 	.globl _minusLcd
                                     20 	.globl _addLcd
                                     21 	.globl _TF2
                                     22 	.globl _EXF2
                                     23 	.globl _RCLK
                                     24 	.globl _TCLK
                                     25 	.globl _EXEN2
                                     26 	.globl _TR2
                                     27 	.globl _C_T2
                                     28 	.globl _CP_RL2
                                     29 	.globl _T2CON_7
                                     30 	.globl _T2CON_6
                                     31 	.globl _T2CON_5
                                     32 	.globl _T2CON_4
                                     33 	.globl _T2CON_3
                                     34 	.globl _T2CON_2
                                     35 	.globl _T2CON_1
                                     36 	.globl _T2CON_0
                                     37 	.globl _PT2
                                     38 	.globl _ET2
                                     39 	.globl _CY
                                     40 	.globl _AC
                                     41 	.globl _F0
                                     42 	.globl _RS1
                                     43 	.globl _RS0
                                     44 	.globl _OV
                                     45 	.globl _F1
                                     46 	.globl _P
                                     47 	.globl _PS
                                     48 	.globl _PT1
                                     49 	.globl _PX1
                                     50 	.globl _PT0
                                     51 	.globl _PX0
                                     52 	.globl _RD
                                     53 	.globl _WR
                                     54 	.globl _T1
                                     55 	.globl _T0
                                     56 	.globl _INT1
                                     57 	.globl _INT0
                                     58 	.globl _TXD
                                     59 	.globl _RXD
                                     60 	.globl _P3_7
                                     61 	.globl _P3_6
                                     62 	.globl _P3_5
                                     63 	.globl _P3_4
                                     64 	.globl _P3_3
                                     65 	.globl _P3_2
                                     66 	.globl _P3_1
                                     67 	.globl _P3_0
                                     68 	.globl _EA
                                     69 	.globl _ES
                                     70 	.globl _ET1
                                     71 	.globl _EX1
                                     72 	.globl _ET0
                                     73 	.globl _EX0
                                     74 	.globl _P2_7
                                     75 	.globl _P2_6
                                     76 	.globl _P2_5
                                     77 	.globl _P2_4
                                     78 	.globl _P2_3
                                     79 	.globl _P2_2
                                     80 	.globl _P2_1
                                     81 	.globl _P2_0
                                     82 	.globl _SM0
                                     83 	.globl _SM1
                                     84 	.globl _SM2
                                     85 	.globl _REN
                                     86 	.globl _TB8
                                     87 	.globl _RB8
                                     88 	.globl _TI
                                     89 	.globl _RI
                                     90 	.globl _P1_7
                                     91 	.globl _P1_6
                                     92 	.globl _P1_5
                                     93 	.globl _P1_4
                                     94 	.globl _P1_3
                                     95 	.globl _P1_2
                                     96 	.globl _P1_1
                                     97 	.globl _P1_0
                                     98 	.globl _TF1
                                     99 	.globl _TR1
                                    100 	.globl _TF0
                                    101 	.globl _TR0
                                    102 	.globl _IE1
                                    103 	.globl _IT1
                                    104 	.globl _IE0
                                    105 	.globl _IT0
                                    106 	.globl _P0_7
                                    107 	.globl _P0_6
                                    108 	.globl _P0_5
                                    109 	.globl _P0_4
                                    110 	.globl _P0_3
                                    111 	.globl _P0_2
                                    112 	.globl _P0_1
                                    113 	.globl _P0_0
                                    114 	.globl _TH2
                                    115 	.globl _TL2
                                    116 	.globl _RCAP2H
                                    117 	.globl _RCAP2L
                                    118 	.globl _T2CON
                                    119 	.globl _B
                                    120 	.globl _ACC
                                    121 	.globl _PSW
                                    122 	.globl _IP
                                    123 	.globl _P3
                                    124 	.globl _IE
                                    125 	.globl _P2
                                    126 	.globl _SBUF
                                    127 	.globl _SCON
                                    128 	.globl _P1
                                    129 	.globl _TH1
                                    130 	.globl _TH0
                                    131 	.globl _TL1
                                    132 	.globl _TL0
                                    133 	.globl _TMOD
                                    134 	.globl _TCON
                                    135 	.globl _PCON
                                    136 	.globl _DPH
                                    137 	.globl _DPL
                                    138 	.globl _SP
                                    139 	.globl _P0
                                    140 ;--------------------------------------------------------
                                    141 ; special function registers
                                    142 ;--------------------------------------------------------
                                    143 	.area RSEG    (ABS,DATA)
      000000                        144 	.org 0x0000
                           000080   145 _P0	=	0x0080
                           000081   146 _SP	=	0x0081
                           000082   147 _DPL	=	0x0082
                           000083   148 _DPH	=	0x0083
                           000087   149 _PCON	=	0x0087
                           000088   150 _TCON	=	0x0088
                           000089   151 _TMOD	=	0x0089
                           00008A   152 _TL0	=	0x008a
                           00008B   153 _TL1	=	0x008b
                           00008C   154 _TH0	=	0x008c
                           00008D   155 _TH1	=	0x008d
                           000090   156 _P1	=	0x0090
                           000098   157 _SCON	=	0x0098
                           000099   158 _SBUF	=	0x0099
                           0000A0   159 _P2	=	0x00a0
                           0000A8   160 _IE	=	0x00a8
                           0000B0   161 _P3	=	0x00b0
                           0000B8   162 _IP	=	0x00b8
                           0000D0   163 _PSW	=	0x00d0
                           0000E0   164 _ACC	=	0x00e0
                           0000F0   165 _B	=	0x00f0
                           0000C8   166 _T2CON	=	0x00c8
                           0000CA   167 _RCAP2L	=	0x00ca
                           0000CB   168 _RCAP2H	=	0x00cb
                           0000CC   169 _TL2	=	0x00cc
                           0000CD   170 _TH2	=	0x00cd
                                    171 ;--------------------------------------------------------
                                    172 ; special function bits
                                    173 ;--------------------------------------------------------
                                    174 	.area RSEG    (ABS,DATA)
      000000                        175 	.org 0x0000
                           000080   176 _P0_0	=	0x0080
                           000081   177 _P0_1	=	0x0081
                           000082   178 _P0_2	=	0x0082
                           000083   179 _P0_3	=	0x0083
                           000084   180 _P0_4	=	0x0084
                           000085   181 _P0_5	=	0x0085
                           000086   182 _P0_6	=	0x0086
                           000087   183 _P0_7	=	0x0087
                           000088   184 _IT0	=	0x0088
                           000089   185 _IE0	=	0x0089
                           00008A   186 _IT1	=	0x008a
                           00008B   187 _IE1	=	0x008b
                           00008C   188 _TR0	=	0x008c
                           00008D   189 _TF0	=	0x008d
                           00008E   190 _TR1	=	0x008e
                           00008F   191 _TF1	=	0x008f
                           000090   192 _P1_0	=	0x0090
                           000091   193 _P1_1	=	0x0091
                           000092   194 _P1_2	=	0x0092
                           000093   195 _P1_3	=	0x0093
                           000094   196 _P1_4	=	0x0094
                           000095   197 _P1_5	=	0x0095
                           000096   198 _P1_6	=	0x0096
                           000097   199 _P1_7	=	0x0097
                           000098   200 _RI	=	0x0098
                           000099   201 _TI	=	0x0099
                           00009A   202 _RB8	=	0x009a
                           00009B   203 _TB8	=	0x009b
                           00009C   204 _REN	=	0x009c
                           00009D   205 _SM2	=	0x009d
                           00009E   206 _SM1	=	0x009e
                           00009F   207 _SM0	=	0x009f
                           0000A0   208 _P2_0	=	0x00a0
                           0000A1   209 _P2_1	=	0x00a1
                           0000A2   210 _P2_2	=	0x00a2
                           0000A3   211 _P2_3	=	0x00a3
                           0000A4   212 _P2_4	=	0x00a4
                           0000A5   213 _P2_5	=	0x00a5
                           0000A6   214 _P2_6	=	0x00a6
                           0000A7   215 _P2_7	=	0x00a7
                           0000A8   216 _EX0	=	0x00a8
                           0000A9   217 _ET0	=	0x00a9
                           0000AA   218 _EX1	=	0x00aa
                           0000AB   219 _ET1	=	0x00ab
                           0000AC   220 _ES	=	0x00ac
                           0000AF   221 _EA	=	0x00af
                           0000B0   222 _P3_0	=	0x00b0
                           0000B1   223 _P3_1	=	0x00b1
                           0000B2   224 _P3_2	=	0x00b2
                           0000B3   225 _P3_3	=	0x00b3
                           0000B4   226 _P3_4	=	0x00b4
                           0000B5   227 _P3_5	=	0x00b5
                           0000B6   228 _P3_6	=	0x00b6
                           0000B7   229 _P3_7	=	0x00b7
                           0000B0   230 _RXD	=	0x00b0
                           0000B1   231 _TXD	=	0x00b1
                           0000B2   232 _INT0	=	0x00b2
                           0000B3   233 _INT1	=	0x00b3
                           0000B4   234 _T0	=	0x00b4
                           0000B5   235 _T1	=	0x00b5
                           0000B6   236 _WR	=	0x00b6
                           0000B7   237 _RD	=	0x00b7
                           0000B8   238 _PX0	=	0x00b8
                           0000B9   239 _PT0	=	0x00b9
                           0000BA   240 _PX1	=	0x00ba
                           0000BB   241 _PT1	=	0x00bb
                           0000BC   242 _PS	=	0x00bc
                           0000D0   243 _P	=	0x00d0
                           0000D1   244 _F1	=	0x00d1
                           0000D2   245 _OV	=	0x00d2
                           0000D3   246 _RS0	=	0x00d3
                           0000D4   247 _RS1	=	0x00d4
                           0000D5   248 _F0	=	0x00d5
                           0000D6   249 _AC	=	0x00d6
                           0000D7   250 _CY	=	0x00d7
                           0000AD   251 _ET2	=	0x00ad
                           0000BD   252 _PT2	=	0x00bd
                           0000C8   253 _T2CON_0	=	0x00c8
                           0000C9   254 _T2CON_1	=	0x00c9
                           0000CA   255 _T2CON_2	=	0x00ca
                           0000CB   256 _T2CON_3	=	0x00cb
                           0000CC   257 _T2CON_4	=	0x00cc
                           0000CD   258 _T2CON_5	=	0x00cd
                           0000CE   259 _T2CON_6	=	0x00ce
                           0000CF   260 _T2CON_7	=	0x00cf
                           0000C8   261 _CP_RL2	=	0x00c8
                           0000C9   262 _C_T2	=	0x00c9
                           0000CA   263 _TR2	=	0x00ca
                           0000CB   264 _EXEN2	=	0x00cb
                           0000CC   265 _TCLK	=	0x00cc
                           0000CD   266 _RCLK	=	0x00cd
                           0000CE   267 _EXF2	=	0x00ce
                           0000CF   268 _TF2	=	0x00cf
                                    269 ;--------------------------------------------------------
                                    270 ; overlayable register banks
                                    271 ;--------------------------------------------------------
                                    272 	.area REG_BANK_0	(REL,OVR,DATA)
      000000                        273 	.ds 8
                                    274 ;--------------------------------------------------------
                                    275 ; internal ram data
                                    276 ;--------------------------------------------------------
                                    277 	.area DSEG    (DATA)
                                    278 ;--------------------------------------------------------
                                    279 ; overlayable items in internal ram 
                                    280 ;--------------------------------------------------------
                                    281 	.area	OSEG    (OVR,DATA)
                                    282 	.area	OSEG    (OVR,DATA)
                                    283 ;--------------------------------------------------------
                                    284 ; indirectly addressable internal ram data
                                    285 ;--------------------------------------------------------
                                    286 	.area ISEG    (DATA)
                                    287 ;--------------------------------------------------------
                                    288 ; absolute internal ram data
                                    289 ;--------------------------------------------------------
                                    290 	.area IABS    (ABS,DATA)
                                    291 	.area IABS    (ABS,DATA)
                                    292 ;--------------------------------------------------------
                                    293 ; bit data
                                    294 ;--------------------------------------------------------
                                    295 	.area BSEG    (BIT)
                                    296 ;--------------------------------------------------------
                                    297 ; paged external ram data
                                    298 ;--------------------------------------------------------
                                    299 	.area PSEG    (PAG,XDATA)
                                    300 ;--------------------------------------------------------
                                    301 ; external ram data
                                    302 ;--------------------------------------------------------
                                    303 	.area XSEG    (XDATA)
                                    304 ;--------------------------------------------------------
                                    305 ; absolute external ram data
                                    306 ;--------------------------------------------------------
                                    307 	.area XABS    (ABS,XDATA)
                                    308 ;--------------------------------------------------------
                                    309 ; external initialized ram data
                                    310 ;--------------------------------------------------------
                                    311 	.area XISEG   (XDATA)
                                    312 	.area HOME    (CODE)
                                    313 	.area GSINIT0 (CODE)
                                    314 	.area GSINIT1 (CODE)
                                    315 	.area GSINIT2 (CODE)
                                    316 	.area GSINIT3 (CODE)
                                    317 	.area GSINIT4 (CODE)
                                    318 	.area GSINIT5 (CODE)
                                    319 	.area GSINIT  (CODE)
                                    320 	.area GSFINAL (CODE)
                                    321 	.area CSEG    (CODE)
                                    322 ;--------------------------------------------------------
                                    323 ; global & static initialisations
                                    324 ;--------------------------------------------------------
                                    325 	.area HOME    (CODE)
                                    326 	.area GSINIT  (CODE)
                                    327 	.area GSFINAL (CODE)
                                    328 	.area GSINIT  (CODE)
                                    329 ;--------------------------------------------------------
                                    330 ; Home
                                    331 ;--------------------------------------------------------
                                    332 	.area HOME    (CODE)
                                    333 	.area HOME    (CODE)
                                    334 ;--------------------------------------------------------
                                    335 ; code
                                    336 ;--------------------------------------------------------
                                    337 	.area CSEG    (CODE)
                                    338 ;------------------------------------------------------------
                                    339 ;Allocation info for local variables in function 'delay'
                                    340 ;------------------------------------------------------------
                                    341 ;t                         Allocated to registers 
                                    342 ;i                         Allocated to registers r5 
                                    343 ;------------------------------------------------------------
                                    344 ;	binaryCount.c:9: static void delay(unsigned int t){
                                    345 ;	-----------------------------------------
                                    346 ;	 function delay
                                    347 ;	-----------------------------------------
      000000                        348 _delay:
                           000007   349 	ar7 = 0x07
                           000006   350 	ar6 = 0x06
                           000005   351 	ar5 = 0x05
                           000004   352 	ar4 = 0x04
                           000003   353 	ar3 = 0x03
                           000002   354 	ar2 = 0x02
                           000001   355 	ar1 = 0x01
                           000000   356 	ar0 = 0x00
      000000 AE 82            [24]  357 	mov	r6,dpl
      000002 AF 83            [24]  358 	mov	r7,dph
      000004                        359 00106$:
                                    360 ;	binaryCount.c:11: for ( ; t > 0; t--){
      000004 EE               [12]  361 	mov	a,r6
      000005 4F               [12]  362 	orl	a,r7
      000006 60 0F            [24]  363 	jz	00108$
                                    364 ;	binaryCount.c:17: for (i = 200; i > 0; i--){
      000008 7D C8            [12]  365 	mov	r5,#0xc8
      00000A                        366 00104$:
      00000A ED               [12]  367 	mov	a,r5
      00000B 14               [12]  368 	dec	a
      00000C FC               [12]  369 	mov	r4,a
      00000D FD               [12]  370 	mov	r5,a
      00000E 70 FA            [24]  371 	jnz	00104$
                                    372 ;	binaryCount.c:11: for ( ; t > 0; t--){
      000010 1E               [12]  373 	dec	r6
      000011 BE FF 01         [24]  374 	cjne	r6,#0xff,00133$
      000014 1F               [12]  375 	dec	r7
      000015                        376 00133$:
      000015 80 ED            [24]  377 	sjmp	00106$
      000017                        378 00108$:
                                    379 ;	binaryCount.c:21: }
      000017 22               [24]  380 	ret
                                    381 ;------------------------------------------------------------
                                    382 ;Allocation info for local variables in function 'delay2'
                                    383 ;------------------------------------------------------------
                                    384 ;t                         Allocated to registers 
                                    385 ;i                         Allocated to registers r5 
                                    386 ;------------------------------------------------------------
                                    387 ;	binaryCount.c:23: static void delay2(unsigned int t){
                                    388 ;	-----------------------------------------
                                    389 ;	 function delay2
                                    390 ;	-----------------------------------------
      000018                        391 _delay2:
      000018 AE 82            [24]  392 	mov	r6,dpl
      00001A AF 83            [24]  393 	mov	r7,dph
      00001C                        394 00106$:
                                    395 ;	binaryCount.c:25: for ( ; t > 0; t--){
      00001C EE               [12]  396 	mov	a,r6
      00001D 4F               [12]  397 	orl	a,r7
      00001E 60 0F            [24]  398 	jz	00108$
                                    399 ;	binaryCount.c:26: for (i = 200; i > 0; i--){
      000020 7D C8            [12]  400 	mov	r5,#0xc8
      000022                        401 00104$:
      000022 ED               [12]  402 	mov	a,r5
      000023 14               [12]  403 	dec	a
      000024 FC               [12]  404 	mov	r4,a
      000025 FD               [12]  405 	mov	r5,a
      000026 70 FA            [24]  406 	jnz	00104$
                                    407 ;	binaryCount.c:25: for ( ; t > 0; t--){
      000028 1E               [12]  408 	dec	r6
      000029 BE FF 01         [24]  409 	cjne	r6,#0xff,00133$
      00002C 1F               [12]  410 	dec	r7
      00002D                        411 00133$:
      00002D 80 ED            [24]  412 	sjmp	00106$
      00002F                        413 00108$:
                                    414 ;	binaryCount.c:34: }
      00002F 22               [24]  415 	ret
                                    416 ;------------------------------------------------------------
                                    417 ;Allocation info for local variables in function 'delay3'
                                    418 ;------------------------------------------------------------
                                    419 ;t                         Allocated to registers 
                                    420 ;i                         Allocated to registers r5 
                                    421 ;------------------------------------------------------------
                                    422 ;	binaryCount.c:36: static void delay3(unsigned int t){
                                    423 ;	-----------------------------------------
                                    424 ;	 function delay3
                                    425 ;	-----------------------------------------
      000030                        426 _delay3:
      000030 AE 82            [24]  427 	mov	r6,dpl
      000032 AF 83            [24]  428 	mov	r7,dph
      000034                        429 00106$:
                                    430 ;	binaryCount.c:38: for ( ; t > 0; t--){
      000034 EE               [12]  431 	mov	a,r6
      000035 4F               [12]  432 	orl	a,r7
      000036 60 1A            [24]  433 	jz	00108$
                                    434 ;	binaryCount.c:39: showLcd2();
      000038 C0 07            [24]  435 	push	ar7
      00003A C0 06            [24]  436 	push	ar6
      00003C 12r00r00         [24]  437 	lcall	_showLcd2
      00003F D0 06            [24]  438 	pop	ar6
      000041 D0 07            [24]  439 	pop	ar7
                                    440 ;	binaryCount.c:44: for (i = 200; i > 0; i--){
      000043 7D C8            [12]  441 	mov	r5,#0xc8
      000045                        442 00104$:
      000045 ED               [12]  443 	mov	a,r5
      000046 14               [12]  444 	dec	a
      000047 FC               [12]  445 	mov	r4,a
      000048 FD               [12]  446 	mov	r5,a
      000049 70 FA            [24]  447 	jnz	00104$
                                    448 ;	binaryCount.c:38: for ( ; t > 0; t--){
      00004B 1E               [12]  449 	dec	r6
      00004C BE FF 01         [24]  450 	cjne	r6,#0xff,00133$
      00004F 1F               [12]  451 	dec	r7
      000050                        452 00133$:
      000050 80 E2            [24]  453 	sjmp	00106$
      000052                        454 00108$:
                                    455 ;	binaryCount.c:48: }
      000052 22               [24]  456 	ret
                                    457 ;------------------------------------------------------------
                                    458 ;Allocation info for local variables in function 'binaryCount'
                                    459 ;------------------------------------------------------------
                                    460 ;val                       Allocated to registers r6 
                                    461 ;i                         Allocated to registers r7 
                                    462 ;------------------------------------------------------------
                                    463 ;	binaryCount.c:50: void binaryCount(){
                                    464 ;	-----------------------------------------
                                    465 ;	 function binaryCount
                                    466 ;	-----------------------------------------
      000053                        467 _binaryCount:
                                    468 ;	binaryCount.c:58: for (i = 0; i < 255; i++){
      000053 7F 00            [12]  469 	mov	r7,#0x00
      000055 7E FF            [12]  470 	mov	r6,#0xff
      000057                        471 00104$:
                                    472 ;	binaryCount.c:59: P1 = val--;
      000057 8E 90            [24]  473 	mov	_P1,r6
      000059 1E               [12]  474 	dec	r6
                                    475 ;	binaryCount.c:64: delay(50);
      00005A 90 00 32         [24]  476 	mov	dptr,#0x0032
      00005D C0 07            [24]  477 	push	ar7
      00005F C0 06            [24]  478 	push	ar6
      000061 12r00r00         [24]  479 	lcall	_delay
                                    480 ;	binaryCount.c:65: if (getMode()){
      000064 12r00r00         [24]  481 	lcall	_getMode
      000067 E5 82            [12]  482 	mov	a,dpl
      000069 D0 06            [24]  483 	pop	ar6
      00006B D0 07            [24]  484 	pop	ar7
      00006D 60 01            [24]  485 	jz	00105$
                                    486 ;	binaryCount.c:66: return;
      00006F 22               [24]  487 	ret
      000070                        488 00105$:
                                    489 ;	binaryCount.c:58: for (i = 0; i < 255; i++){
      000070 0F               [12]  490 	inc	r7
      000071 BF FF 00         [24]  491 	cjne	r7,#0xff,00117$
      000074                        492 00117$:
      000074 40 E1            [24]  493 	jc	00104$
                                    494 ;	binaryCount.c:69: }
      000076 22               [24]  495 	ret
                                    496 ;------------------------------------------------------------
                                    497 ;Allocation info for local variables in function 'digitDisplay_helper'
                                    498 ;------------------------------------------------------------
                                    499 ;key                       Allocated to registers r7 
                                    500 ;------------------------------------------------------------
                                    501 ;	binaryCount.c:71: unsigned char digitDisplay_helper(){
                                    502 ;	-----------------------------------------
                                    503 ;	 function digitDisplay_helper
                                    504 ;	-----------------------------------------
      000077                        505 _digitDisplay_helper:
                                    506 ;	binaryCount.c:73: key = readButton();
      000077 12r00r00         [24]  507 	lcall	_readButton
      00007A AF 82            [24]  508 	mov	r7,dpl
                                    509 ;	binaryCount.c:74: if (key == 1){
      00007C BF 01 0F         [24]  510 	cjne	r7,#0x01,00109$
                                    511 ;	binaryCount.c:75: mode++;
      00007F 05*00            [12]  512 	inc	_mode
                                    513 ;	binaryCount.c:76: if (mode > 2){
      000081 E5*00            [12]  514 	mov	a,_mode
      000083 24 FD            [12]  515 	add	a,#0xff - 0x02
      000085 50 03            [24]  516 	jnc	00102$
                                    517 ;	binaryCount.c:77: mode = 0;
      000087 75*00 00         [24]  518 	mov	_mode,#0x00
      00008A                        519 00102$:
                                    520 ;	binaryCount.c:79: return 1;
      00008A 75 82 01         [24]  521 	mov	dpl,#0x01
      00008D 22               [24]  522 	ret
      00008E                        523 00109$:
                                    524 ;	binaryCount.c:80: } else if (key == 3){
      00008E BF 03 0A         [24]  525 	cjne	r7,#0x03,00106$
                                    526 ;	binaryCount.c:81: addLcd(3);
      000091 75 82 03         [24]  527 	mov	dpl,#0x03
      000094 12r00r00         [24]  528 	lcall	_addLcd
                                    529 ;	binaryCount.c:82: return 0;
      000097 75 82 00         [24]  530 	mov	dpl,#0x00
      00009A 22               [24]  531 	ret
      00009B                        532 00106$:
                                    533 ;	binaryCount.c:83: } else if (key == 4){
      00009B BF 04 0A         [24]  534 	cjne	r7,#0x04,00110$
                                    535 ;	binaryCount.c:84: minusLcd(3);
      00009E 75 82 03         [24]  536 	mov	dpl,#0x03
      0000A1 12r00r00         [24]  537 	lcall	_minusLcd
                                    538 ;	binaryCount.c:85: return 0;
      0000A4 75 82 00         [24]  539 	mov	dpl,#0x00
      0000A7 22               [24]  540 	ret
      0000A8                        541 00110$:
                                    542 ;	binaryCount.c:87: return 0;
      0000A8 75 82 00         [24]  543 	mov	dpl,#0x00
                                    544 ;	binaryCount.c:88: }
      0000AB 22               [24]  545 	ret
                                    546 ;------------------------------------------------------------
                                    547 ;Allocation info for local variables in function 'digitDisplay'
                                    548 ;------------------------------------------------------------
                                    549 ;	binaryCount.c:91: void digitDisplay(){
                                    550 ;	-----------------------------------------
                                    551 ;	 function digitDisplay
                                    552 ;	-----------------------------------------
      0000AC                        553 _digitDisplay:
                                    554 ;	binaryCount.c:92: if (digitDisplay_helper()){
      0000AC 12r00r77         [24]  555 	lcall	_digitDisplay_helper
      0000AF E5 82            [12]  556 	mov	a,dpl
      0000B1 60 01            [24]  557 	jz	00102$
                                    558 ;	binaryCount.c:93: return;
      0000B3 22               [24]  559 	ret
      0000B4                        560 00102$:
                                    561 ;	binaryCount.c:95: delay3(50);
      0000B4 90 00 32         [24]  562 	mov	dptr,#0x0032
                                    563 ;	binaryCount.c:96: }
      0000B7 02r00r30         [24]  564 	ljmp	_delay3
                                    565 ;------------------------------------------------------------
                                    566 ;Allocation info for local variables in function 'cylon'
                                    567 ;------------------------------------------------------------
                                    568 ;val                       Allocated to registers r5 
                                    569 ;i                         Allocated to registers r6 
                                    570 ;------------------------------------------------------------
                                    571 ;	binaryCount.c:98: void cylon(){
                                    572 ;	-----------------------------------------
                                    573 ;	 function cylon
                                    574 ;	-----------------------------------------
      0000BA                        575 _cylon:
                                    576 ;	binaryCount.c:100: val = 0xFE;
      0000BA 7F FE            [12]  577 	mov	r7,#0xfe
                                    578 ;	binaryCount.c:101: for (i = 0; i < 7; i++){
      0000BC 7E 00            [12]  579 	mov	r6,#0x00
      0000BE                        580 00107$:
                                    581 ;	binaryCount.c:102: P1 = val;
      0000BE 8F 90            [24]  582 	mov	_P1,r7
                                    583 ;	binaryCount.c:103: val = val<<1;
      0000C0 8F 05            [24]  584 	mov	ar5,r7
      0000C2 ED               [12]  585 	mov	a,r5
      0000C3 2D               [12]  586 	add	a,r5
      0000C4 FD               [12]  587 	mov	r5,a
                                    588 ;	binaryCount.c:104: val = val | 0x01;
      0000C5 43 05 01         [24]  589 	orl	ar5,#0x01
      0000C8 8D 07            [24]  590 	mov	ar7,r5
                                    591 ;	binaryCount.c:108: delay2(50);
      0000CA 90 00 32         [24]  592 	mov	dptr,#0x0032
      0000CD C0 07            [24]  593 	push	ar7
      0000CF C0 06            [24]  594 	push	ar6
      0000D1 12r00r18         [24]  595 	lcall	_delay2
                                    596 ;	binaryCount.c:109: if (getMode()){
      0000D4 12r00r00         [24]  597 	lcall	_getMode
      0000D7 E5 82            [12]  598 	mov	a,dpl
      0000D9 D0 06            [24]  599 	pop	ar6
      0000DB D0 07            [24]  600 	pop	ar7
      0000DD 60 01            [24]  601 	jz	00108$
                                    602 ;	binaryCount.c:110: return;
      0000DF 22               [24]  603 	ret
      0000E0                        604 00108$:
                                    605 ;	binaryCount.c:101: for (i = 0; i < 7; i++){
      0000E0 0E               [12]  606 	inc	r6
      0000E1 BE 07 00         [24]  607 	cjne	r6,#0x07,00139$
      0000E4                        608 00139$:
      0000E4 40 D8            [24]  609 	jc	00107$
                                    610 ;	binaryCount.c:113: for (i = 0; i < 7; i++){
      0000E6 7E 00            [12]  611 	mov	r6,#0x00
      0000E8                        612 00109$:
                                    613 ;	binaryCount.c:114: P1 = val;
                                    614 ;	binaryCount.c:115: val = val>>1;
      0000E8 EF               [12]  615 	mov	a,r7
      0000E9 F5 90            [12]  616 	mov	_P1,a
      0000EB C3               [12]  617 	clr	c
      0000EC 13               [12]  618 	rrc	a
      0000ED FD               [12]  619 	mov	r5,a
                                    620 ;	binaryCount.c:116: val = val | 0x80;
      0000EE 43 05 80         [24]  621 	orl	ar5,#0x80
      0000F1 8D 07            [24]  622 	mov	ar7,r5
                                    623 ;	binaryCount.c:120: delay2(50);
      0000F3 90 00 32         [24]  624 	mov	dptr,#0x0032
      0000F6 C0 07            [24]  625 	push	ar7
      0000F8 C0 06            [24]  626 	push	ar6
      0000FA 12r00r18         [24]  627 	lcall	_delay2
                                    628 ;	binaryCount.c:121: if (getMode()){
      0000FD 12r00r00         [24]  629 	lcall	_getMode
      000100 E5 82            [12]  630 	mov	a,dpl
      000102 D0 06            [24]  631 	pop	ar6
      000104 D0 07            [24]  632 	pop	ar7
      000106 60 01            [24]  633 	jz	00110$
                                    634 ;	binaryCount.c:122: return;
      000108 22               [24]  635 	ret
      000109                        636 00110$:
                                    637 ;	binaryCount.c:113: for (i = 0; i < 7; i++){
      000109 0E               [12]  638 	inc	r6
      00010A BE 07 00         [24]  639 	cjne	r6,#0x07,00142$
      00010D                        640 00142$:
      00010D 40 D9            [24]  641 	jc	00109$
                                    642 ;	binaryCount.c:125: }
      00010F 22               [24]  643 	ret
                                    644 ;------------------------------------------------------------
                                    645 ;Allocation info for local variables in function 'dualCylon'
                                    646 ;------------------------------------------------------------
                                    647 ;val1                      Allocated to registers r4 
                                    648 ;val2                      Allocated to registers r4 
                                    649 ;i                         Allocated to registers r5 
                                    650 ;------------------------------------------------------------
                                    651 ;	binaryCount.c:127: void dualCylon(){
                                    652 ;	-----------------------------------------
                                    653 ;	 function dualCylon
                                    654 ;	-----------------------------------------
      000110                        655 _dualCylon:
                                    656 ;	binaryCount.c:129: val1 = 0xFE;
      000110 7F FE            [12]  657 	mov	r7,#0xfe
                                    658 ;	binaryCount.c:130: val2 = 0x7F;
      000112 7E 7F            [12]  659 	mov	r6,#0x7f
                                    660 ;	binaryCount.c:131: for (i = 0; i < 6; i++){
      000114 7D 00            [12]  661 	mov	r5,#0x00
      000116                        662 00104$:
                                    663 ;	binaryCount.c:132: P1 = val1&val2;
      000116 EE               [12]  664 	mov	a,r6
      000117 5F               [12]  665 	anl	a,r7
      000118 F5 90            [12]  666 	mov	_P1,a
                                    667 ;	binaryCount.c:133: val1 = val1<<1;
      00011A 8F 04            [24]  668 	mov	ar4,r7
      00011C EC               [12]  669 	mov	a,r4
      00011D 2C               [12]  670 	add	a,r4
      00011E FC               [12]  671 	mov	r4,a
                                    672 ;	binaryCount.c:134: val1 = val1|0x01;
      00011F 43 04 01         [24]  673 	orl	ar4,#0x01
      000122 8C 07            [24]  674 	mov	ar7,r4
                                    675 ;	binaryCount.c:136: val2 = val2>>1;
      000124 EE               [12]  676 	mov	a,r6
      000125 C3               [12]  677 	clr	c
      000126 13               [12]  678 	rrc	a
      000127 FC               [12]  679 	mov	r4,a
                                    680 ;	binaryCount.c:137: val2 = val2|0x80;
      000128 43 04 80         [24]  681 	orl	ar4,#0x80
      00012B 8C 06            [24]  682 	mov	ar6,r4
                                    683 ;	binaryCount.c:141: delay2(50);
      00012D 90 00 32         [24]  684 	mov	dptr,#0x0032
      000130 C0 07            [24]  685 	push	ar7
      000132 C0 06            [24]  686 	push	ar6
      000134 C0 05            [24]  687 	push	ar5
      000136 12r00r18         [24]  688 	lcall	_delay2
                                    689 ;	binaryCount.c:142: if (getMode()){
      000139 12r00r00         [24]  690 	lcall	_getMode
      00013C E5 82            [12]  691 	mov	a,dpl
      00013E D0 05            [24]  692 	pop	ar5
      000140 D0 06            [24]  693 	pop	ar6
      000142 D0 07            [24]  694 	pop	ar7
      000144 60 01            [24]  695 	jz	00105$
                                    696 ;	binaryCount.c:143: return;
      000146 22               [24]  697 	ret
      000147                        698 00105$:
                                    699 ;	binaryCount.c:131: for (i = 0; i < 6; i++){
      000147 0D               [12]  700 	inc	r5
      000148 BD 06 00         [24]  701 	cjne	r5,#0x06,00119$
      00014B                        702 00119$:
      00014B 40 C9            [24]  703 	jc	00104$
                                    704 ;	binaryCount.c:146: }
      00014D 22               [24]  705 	ret
                                    706 	.area CSEG    (CODE)
                                    707 	.area CONST   (CODE)
                                    708 	.area XINIT   (CODE)
                                    709 	.area CABS    (ABS,CODE)
